# Домашнее задание к занятию 12.5 "Реляционные базы данных: Индексы"

---

### Задание 1.

Напишите запрос к учебной базе данных, который вернет процентное отношение общего размера всех индексов к общему размеру всех таблиц.

### Ответ:
```sql
SELECT SUM(index_length) AS Total_index,  SUM(data_length) AS Total_data, 
ROUND((SUM(index_length)/SUM(data_length))*100, 1) AS Percent_index_data
FROM INFORMATION_SCHEMA.TABLES;
```
```
Total_index|Total_data|Percent_index_data|
-----------+----------+------------------+
    2736128|   6832128|              40.0|
```
### Задание 2.

Выполните explain analyze следующего запроса:
```sql
select distinct concat(c.last_name, ' ', c.first_name), sum(p.amount) over (partition by c.customer_id, f.title)
from payment p, rental r, customer c, inventory i, film f
where date(p.payment_date) = '2005-07-30' and p.payment_date = r.rental_date and r.customer_id = c.customer_id and i.inventory_id = r.inventory_id
```
- перечислите узкие места,
- оптимизируйте запрос (внесите корректировки по использованию операторов, при необходимости добавьте индексы).

### Ответ:
1. Не понятно по чему отбирается по "f.title"
2. film таблица в даном запросе лишняя
3. После оптимизации получился следующий запрос
```sql
select distinct concat(c.last_name, ' ', c.first_name), sum(p.amount) over (partition by c.customer_id)
from payment p, rental r, customer c, inventory i
where date(p.payment_date) = '2005-07-30' and p.payment_date = r.rental_date and r.customer_id = c.customer_id and i.inventory_id = r.inventory_id
```
до оптимизации
```
-> Limit: 200 row(s)  (cost=0.00..0.00 rows=0) (actual time=6646.140..6646.185 rows=200 loops=1)
    -> Table scan on <temporary>  (cost=2.50..2.50 rows=0) (actual time=6646.139..6646.168 rows=200 loops=1)
        -> Temporary table with deduplication  (cost=0.00..0.00 rows=0) (actual time=6646.138..6646.138 rows=391 loops=1)
            -> Window aggregate with buffering: sum(payment.amount) OVER (PARTITION BY c.customer_id,f.title )   (actual time=2590.610..6440.793 rows=642000 loops=1)
                -> Sort: c.customer_id, f.title  (actual time=2587.176..2678.510 rows=642000 loops=1)
                    -> Stream results  (cost=10469015.28 rows=16102275) (actual time=0.496..2030.735 rows=642000 loops=1)
                        -> Nested loop inner join  (cost=10469015.28 rows=16102275) (actual time=0.486..1723.187 rows=642000 loops=1)
                            -> Nested loop inner join  (cost=8854762.25 rows=16102275) (actual time=0.477..1470.814 rows=642000 loops=1)
                                -> Nested loop inner join  (cost=7240509.21 rows=16102275) (actual time=0.462..1214.134 rows=642000 loops=1)
                                    -> Inner hash join (no condition)  (cost=1608774.80 rows=16086000) (actual time=0.440..59.296 rows=634000 loops=1)
                                        -> Filter: (cast(p.payment_date as date) = '2005-07-30')  (cost=1.68 rows=16086) (actual time=0.037..7.245 rows=634 loops=1)
                                            -> Table scan on p  (cost=1.68 rows=16086) (actual time=0.025..5.079 rows=16044 loops=1)
                                        -> Hash
                                            -> Covering index scan on f using idx_title  (cost=103.00 rows=1000) (actual time=0.070..0.273 rows=1000 loops=1)
                                    -> Covering index lookup on r using rental_date (rental_date=p.payment_date)  (cost=0.25 rows=1) (actual time=0.001..0.002 rows=1 loops=634000)
                                -> Single-row index lookup on c using PRIMARY (customer_id=r.customer_id)  (cost=0.00 rows=1) (actual time=0.000..0.000 rows=1 loops=642000)
                            -> Single-row covering index lookup on i using PRIMARY (inventory_id=r.inventory_id)  (cost=0.00 rows=1) (actual time=0.000..0.000 rows=1 loops=642000)

```
после оптимизации
```
-> Limit: 200 row(s)  (cost=0.00..0.00 rows=0) (actual time=12.454..12.499 rows=200 loops=1)
    -> Table scan on <temporary>  (cost=2.50..2.50 rows=0) (actual time=12.453..12.481 rows=200 loops=1)
        -> Temporary table with deduplication  (cost=0.00..0.00 rows=0) (actual time=12.452..12.452 rows=391 loops=1)
            -> Window aggregate with buffering: sum(payment.amount) OVER (PARTITION BY c.customer_id )   (actual time=11.095..12.134 rows=642 loops=1)
                -> Sort: c.customer_id  (actual time=11.062..11.122 rows=642 loops=1)
                    -> Stream results  (cost=18536.18 rows=16102) (actual time=0.098..10.850 rows=642 loops=1)
                        -> Nested loop inner join  (cost=18536.18 rows=16102) (actual time=0.093..10.531 rows=642 loops=1)
                            -> Nested loop inner join  (cost=12900.38 rows=16102) (actual time=0.087..9.589 rows=642 loops=1)
                                -> Nested loop inner join  (cost=7264.58 rows=16102) (actual time=0.081..8.803 rows=642 loops=1)
                                    -> Filter: (cast(p.payment_date as date) = '2005-07-30')  (cost=1632.85 rows=16086) (actual time=0.061..6.974 rows=634 loops=1)
                                        -> Table scan on p  (cost=1632.85 rows=16086) (actual time=0.049..5.179 rows=16044 loops=1)
                                    -> Covering index lookup on r using rental_date (rental_date=p.payment_date)  (cost=0.25 rows=1) (actual time=0.002..0.003 rows=1 loops=634)
                                -> Single-row index lookup on c using PRIMARY (customer_id=r.customer_id)  (cost=0.25 rows=1) (actual time=0.001..0.001 rows=1 loops=642)
                            -> Single-row covering index lookup on i using PRIMARY (inventory_id=r.inventory_id)  (cost=0.25 rows=1) (actual time=0.001..0.001 rows=1 loops=642)
```
## Дополнительные задания (со звездочкой*)
Эти задания дополнительные (не обязательные к выполнению) и никак не повлияют на получение вами зачета по этому домашнему заданию. Вы можете их выполнить, если хотите глубже и/или шире разобраться в материале.

### Задание 3*.

Самостоятельно изучите, какие типы индексов используются в PostgreSQL. Перечислите те индексы, которые используются в PostgreSQL, а в MySQL нет.

*Приведите ответ в свободной форме.*
